<?xml version="1.0" encoding="UTF-8"?>
<!-- Generated by org.testng.reporters.JUnitReportReporter -->
<testsuite hostname="DESKTOP-SGPL51T" failures="0" tests="1" name="com.rbc.testCase.ClockOnRoleFromChat" time="14.236" errors="0" timestamp="2022-01-25T14:31:19 AEDT" skipped="0">
  <testcase classname="com.rbc.testCase.ClockOnRoleFromChat" name="ClockOnRoleeee" time="14.236"/>
  <system-out/>
</testsuite> <!-- com.rbc.testCase.ClockOnRoleFromChat -->
