<?xml version="1.0" encoding="UTF-8"?>
<!-- Generated by org.testng.reporters.JUnitReportReporter -->
<testsuite hostname="DESKTOP-SGPL51T" failures="0" tests="1" name="com.rbc.testCase.MultipleClockOnRoleFromChat" time="166.793" errors="0" timestamp="2022-01-24T08:56:09 AEDT" skipped="0">
  <testcase classname="com.rbc.testCase.MultipleClockOnRoleFromChat" name="ClockOnMultipleRoles" time="166.793"/>
  <system-out/>
</testsuite> <!-- com.rbc.testCase.MultipleClockOnRoleFromChat -->
