<?xml version="1.0" encoding="UTF-8"?>
<!-- Generated by org.testng.reporters.JUnitReportReporter -->
<testsuite hostname="DESKTOP-SGPL51T" failures="0" tests="1" name="com.rbc.testCase.RecallMessage" time="17.048" errors="0" timestamp="2022-01-25T12:37:12 AEDT" skipped="0">
  <testcase classname="com.rbc.testCase.RecallMessage" name="Recallmsg" time="17.048"/>
  <system-out/>
</testsuite> <!-- com.rbc.testCase.RecallMessage -->
