<?xml version="1.0" encoding="UTF-8"?>
<!-- Generated by org.testng.reporters.JUnitReportReporter -->
<testsuite hostname="DESKTOP-SGPL51T" failures="0" tests="1" name="com.rbc.testCase.ClockOffRoleFromChat" time="73.646" errors="0" timestamp="2022-01-27T09:19:05 AEDT" skipped="0">
  <testcase classname="com.rbc.testCase.ClockOffRoleFromChat" name="ClockOffRoleeee" time="73.646"/>
  <system-out/>
</testsuite> <!-- com.rbc.testCase.ClockOffRoleFromChat -->
