<?xml version="1.0" encoding="UTF-8"?>
<!-- Generated by org.testng.reporters.JUnitReportReporter -->
<testsuite hostname="DESKTOP-SGPL51T" failures="0" tests="1" name="com.rbc.testCase.GetInTouchWithaRoleValidation" time="20.458" errors="0" timestamp="2022-01-25T14:31:19 AEDT" skipped="0">
  <testcase classname="com.rbc.testCase.GetInTouchWithaRoleValidation" name="GetInTouchValidation" time="20.458"/>
  <system-out/>
</testsuite> <!-- com.rbc.testCase.GetInTouchWithaRoleValidation -->
