<?xml version="1.0" encoding="UTF-8"?>
<!-- Generated by org.testng.reporters.JUnitReportReporter -->
<testsuite hostname="DESKTOP-SGPL51T" failures="0" tests="1" name="com.rbc.testCase.Message" time="17.787" errors="0" timestamp="2022-01-25T14:31:19 AEDT" skipped="0">
  <testcase classname="com.rbc.testCase.Message" name="MessageDlg" time="17.787"/>
  <system-out/>
</testsuite> <!-- com.rbc.testCase.Message -->
