<?xml version="1.0" encoding="UTF-8"?>
<!-- Generated by org.testng.reporters.JUnitReportReporter -->
<testsuite hostname="DESKTOP-SGPL51T" failures="0" tests="1" name="com.rbc.testCase.ClickOnSendMessage" time="0.231" errors="0" timestamp="2021-12-07T21:19:04 AEDT" skipped="0">
  <testcase classname="com.rbc.testCase.ClickOnSendMessage" name="SendMessage" time="0.231"/>
  <system-out/>
</testsuite> <!-- com.rbc.testCase.ClickOnSendMessage -->
