<?xml version="1.0" encoding="UTF-8"?>
<!-- Generated by org.testng.reporters.JUnitReportReporter -->
<testsuite hostname="DESKTOP-SGPL51T" failures="0" tests="1" name="SeleniumPractice.SeleniumPractice.AppTest" time="18.596" errors="0" timestamp="2021-11-24T14:38:03 AEDT" skipped="0">
  <testcase classname="SeleniumPractice.SeleniumPractice.AppTest" name="shouldAnswerWithTrue" time="18.596"/>
  <system-out/>
</testsuite> <!-- SeleniumPractice.SeleniumPractice.AppTest -->
