<?xml version="1.0" encoding="UTF-8"?>
<!-- Generated by org.testng.reporters.JUnitReportReporter -->
<testsuite hostname="DESKTOP-SGPL51T" failures="0" tests="1" name="com.rbc.pageObjects.AppTest" time="29.707" errors="0" timestamp="2021-11-24T19:12:29 AEDT" skipped="0">
  <testcase classname="com.rbc.pageObjects.AppTest" name="shouldAnswerWithTrue" time="29.707"/>
  <system-out/>
</testsuite> <!-- com.rbc.pageObjects.AppTest -->
