<?xml version="1.0" encoding="UTF-8"?>
<!-- Generated by org.testng.reporters.JUnitReportReporter -->
<testsuite hostname="DESKTOP-SGPL51T" failures="0" tests="1" name="com.rbc.testCase.TC_ClockOnRoleFromChat" time="15.529" errors="0" timestamp="2021-12-06T18:55:18 AEDT" skipped="0">
  <testcase classname="com.rbc.testCase.TC_ClockOnRoleFromChat" name="ClockOnRoleeee" time="15.529"/>
  <system-out/>
</testsuite> <!-- com.rbc.testCase.TC_ClockOnRoleFromChat -->
