<?xml version="1.0" encoding="UTF-8"?>
<!-- Generated by org.testng.reporters.JUnitReportReporter -->
<testsuite hostname="DESKTOP-SGPL51T" failures="0" tests="1" name="com.rbc.testCase.LoginInToTeams" time="29.454" errors="0" timestamp="2022-01-31T09:50:49 AEDT" skipped="0">
  <testcase classname="com.rbc.testCase.LoginInToTeams" name="LoginTest" time="29.454"/>
  <system-out/>
</testsuite> <!-- com.rbc.testCase.LoginInToTeams -->
