<?xml version="1.0" encoding="UTF-8"?>
<!-- Generated by org.testng.reporters.JUnitReportReporter -->
<testsuite hostname="DESKTOP-SGPL51T" failures="0" tests="1" name="com.rbc.testCase.TC_LoginPage_001" time="32.087" errors="0" timestamp="2021-12-06T18:55:18 AEDT" skipped="0">
  <testcase classname="com.rbc.testCase.TC_LoginPage_001" name="LoginTest" time="32.087"/>
  <system-out/>
</testsuite> <!-- com.rbc.testCase.TC_LoginPage_001 -->
