<?xml version="1.0" encoding="UTF-8"?>
<!-- Generated by org.testng.reporters.JUnitReportReporter -->
<testsuite hostname="DESKTOP-SGPL51T" failures="0" tests="1" name="com.rbc.testCase.NavigateToRBC" time="4.928" errors="0" timestamp="2022-01-25T14:31:19 AEDT" skipped="0">
  <testcase classname="com.rbc.testCase.NavigateToRBC" name="RoleBaseCommunicator" time="4.928"/>
  <system-out/>
</testsuite> <!-- com.rbc.testCase.NavigateToRBC -->
