<?xml version="1.0" encoding="UTF-8"?>
<!-- Generated by org.testng.reporters.JUnitReportReporter -->
<testsuite hostname="DESKTOP-SGPL51T" failures="0" tests="1" name="com.rbc.testCase.RecallMessage" time="18.758" errors="0" timestamp="2022-01-27T09:19:05 AEDT" skipped="0">
  <testcase classname="com.rbc.testCase.RecallMessage" name="Recallmsg" time="18.758"/>
  <system-out/>
</testsuite> <!-- com.rbc.testCase.RecallMessage -->
