<?xml version="1.0" encoding="UTF-8"?>
<!-- Generated by org.testng.reporters.JUnitReportReporter -->
<testsuite hostname="DESKTOP-SGPL51T" failures="0" tests="1" name="com.rbc.testCase.Respond" time="25.228" errors="0" timestamp="2022-01-31T09:50:49 AEDT" skipped="0">
  <testcase classname="com.rbc.testCase.Respond" name="RespondToMsg" time="25.228"/>
  <system-out/>
</testsuite> <!-- com.rbc.testCase.Respond -->
