<?xml version="1.0" encoding="UTF-8"?>
<!-- Generated by org.testng.reporters.JUnitReportReporter -->
<testsuite hostname="DESKTOP-SGPL51T" failures="0" tests="1" name="com.rbc.testCase.TC_ClickOnRBC_001" time="4.572" errors="0" timestamp="2021-12-06T09:36:23 AEDT" skipped="0">
  <testcase classname="com.rbc.testCase.TC_ClickOnRBC_001" name="ClickonRbc" time="4.572"/>
  <system-out/>
</testsuite> <!-- com.rbc.testCase.TC_ClickOnRBC_001 -->
